<?xml version="1.0" encoding="UTF-8" ?>
<testsuite failures="0" time="2.017" errors="0" skipped="0" tests="3" name="local.asch.outglook.Contact2k3XlsViewTest">
  <properties>
    <property name="java.runtime.name" value="OpenJDK Runtime Environment"/>
    <property name="sun.boot.library.path" value="/usr/lib/jvm/java-6-openjdk/jre/lib/i386"/>
    <property name="java.vm.version" value="20.0-b11"/>
    <property name="java.vm.vendor" value="Sun Microsystems Inc."/>
    <property name="java.vendor.url" value="http://java.sun.com/"/>
    <property name="path.separator" value=":"/>
    <property name="java.vm.name" value="OpenJDK Client VM"/>
    <property name="file.encoding.pkg" value="sun.io"/>
    <property name="user.country" value="RU"/>
    <property name="sun.java.launcher" value="SUN_STANDARD"/>
    <property name="sun.os.patch.level" value="unknown"/>
    <property name="java.vm.specification.name" value="Java Virtual Machine Specification"/>
    <property name="user.dir" value="/home/xfolk/ASCH/coding/ypcnv"/>
    <property name="java.runtime.version" value="1.6.0_22-b22"/>
    <property name="java.awt.graphicsenv" value="sun.awt.X11GraphicsEnvironment"/>
    <property name="basedir" value="/home/xfolk/ASCH/coding/ypcnv"/>
    <property name="java.endorsed.dirs" value="/usr/lib/jvm/java-6-openjdk/jre/lib/endorsed"/>
    <property name="os.arch" value="i386"/>
    <property name="surefire.real.class.path" value="/home/xfolk/ASCH/coding/ypcnv/target/surefire/surefirebooter2801772877459945861.jar"/>
    <property name="java.io.tmpdir" value="/tmp"/>
    <property name="line.separator" value="
"/>
    <property name="java.vm.specification.vendor" value="Sun Microsystems Inc."/>
    <property name="os.name" value="Linux"/>
    <property name="sun.jnu.encoding" value="UTF-8"/>
    <property name="java.library.path" value="/usr/lib/jvm/java-6-openjdk/jre/lib/i386/client:/usr/lib/jvm/java-6-openjdk/jre/lib/i386:/usr/lib/jvm/java-6-openjdk/jre/../lib/i386:/usr/java/packages/lib/i386:/usr/lib/i386-linux-gnu/jni:/lib/i386-linux-gnu:/usr/lib/i386-linux-gnu:/usr/lib/jni:/lib:/usr/lib"/>
    <property name="surefire.test.class.path" value="/home/xfolk/ASCH/coding/ypcnv/target/test-classes:/home/xfolk/ASCH/coding/ypcnv/target/classes:/home/xfolk/.m2/repository/info/ineighborhood/cardme/0.2.6/cardme-0.2.6.jar:/home/xfolk/.m2/repository/org/ietf/mimedir/2.1.0-1/mimedir-2.1.0-1.jar:/home/xfolk/.m2/repository/org/apache/poi/poi/3.8-beta4/poi-3.8-beta4.jar:/home/xfolk/.m2/repository/commons-codec/commons-codec/1.5/commons-codec-1.5.jar:/home/xfolk/.m2/repository/org/apache/poi/poi-scratchpad/3.8-beta4/poi-scratchpad-3.8-beta4.jar:/home/xfolk/.m2/repository/org/apache/poi/openxml4j/1.0-beta/openxml4j-1.0-beta.jar:/home/xfolk/.m2/repository/org/apache/poi/poi-ooxml/3.8-beta4/poi-ooxml-3.8-beta4.jar:/home/xfolk/.m2/repository/org/apache/poi/poi-ooxml-schemas/3.8-beta4/poi-ooxml-schemas-3.8-beta4.jar:/home/xfolk/.m2/repository/org/apache/xmlbeans/xmlbeans/2.3.0/xmlbeans-2.3.0.jar:/home/xfolk/.m2/repository/stax/stax-api/1.0.1/stax-api-1.0.1.jar:/home/xfolk/.m2/repository/dom4j/dom4j/1.6.1/dom4j-1.6.1.jar:/home/xfolk/.m2/repository/xml-apis/xml-apis/1.0.b2/xml-apis-1.0.b2.jar:/home/xfolk/.m2/repository/junit/junit/4.6/junit-4.6.jar:/home/xfolk/.m2/repository/log4j/log4j/1.2.9/log4j-1.2.9.jar:"/>
    <property name="java.specification.name" value="Java Platform API Specification"/>
    <property name="java.class.version" value="50.0"/>
    <property name="sun.management.compiler" value="HotSpot Client Compiler"/>
    <property name="os.version" value="2.6.38-12-generic"/>
    <property name="user.home" value="/home/xfolk"/>
    <property name="user.timezone" value="Europe/Moscow"/>
    <property name="java.awt.printerjob" value="sun.print.PSPrinterJob"/>
    <property name="file.encoding" value="UTF-8"/>
    <property name="java.specification.version" value="1.6"/>
    <property name="user.name" value="xfolk"/>
    <property name="java.class.path" value="/home/xfolk/ASCH/coding/ypcnv/target/test-classes:/home/xfolk/ASCH/coding/ypcnv/target/classes:/home/xfolk/.m2/repository/info/ineighborhood/cardme/0.2.6/cardme-0.2.6.jar:/home/xfolk/.m2/repository/org/ietf/mimedir/2.1.0-1/mimedir-2.1.0-1.jar:/home/xfolk/.m2/repository/org/apache/poi/poi/3.8-beta4/poi-3.8-beta4.jar:/home/xfolk/.m2/repository/commons-codec/commons-codec/1.5/commons-codec-1.5.jar:/home/xfolk/.m2/repository/org/apache/poi/poi-scratchpad/3.8-beta4/poi-scratchpad-3.8-beta4.jar:/home/xfolk/.m2/repository/org/apache/poi/openxml4j/1.0-beta/openxml4j-1.0-beta.jar:/home/xfolk/.m2/repository/org/apache/poi/poi-ooxml/3.8-beta4/poi-ooxml-3.8-beta4.jar:/home/xfolk/.m2/repository/org/apache/poi/poi-ooxml-schemas/3.8-beta4/poi-ooxml-schemas-3.8-beta4.jar:/home/xfolk/.m2/repository/org/apache/xmlbeans/xmlbeans/2.3.0/xmlbeans-2.3.0.jar:/home/xfolk/.m2/repository/stax/stax-api/1.0.1/stax-api-1.0.1.jar:/home/xfolk/.m2/repository/dom4j/dom4j/1.6.1/dom4j-1.6.1.jar:/home/xfolk/.m2/repository/xml-apis/xml-apis/1.0.b2/xml-apis-1.0.b2.jar:/home/xfolk/.m2/repository/junit/junit/4.6/junit-4.6.jar:/home/xfolk/.m2/repository/log4j/log4j/1.2.9/log4j-1.2.9.jar:"/>
    <property name="java.vm.specification.version" value="1.0"/>
    <property name="sun.arch.data.model" value="32"/>
    <property name="java.home" value="/usr/lib/jvm/java-6-openjdk/jre"/>
    <property name="sun.java.command" value="/home/xfolk/ASCH/coding/ypcnv/target/surefire/surefirebooter2801772877459945861.jar /home/xfolk/ASCH/coding/ypcnv/target/surefire/surefire4442492955336711503tmp /home/xfolk/ASCH/coding/ypcnv/target/surefire/surefire4760373630947654972tmp"/>
    <property name="java.specification.vendor" value="Sun Microsystems Inc."/>
    <property name="user.language" value="ru"/>
    <property name="java.vm.info" value="mixed mode, sharing"/>
    <property name="java.version" value="1.6.0_22"/>
    <property name="java.ext.dirs" value="/usr/lib/jvm/java-6-openjdk/jre/lib/ext:/usr/java/packages/lib/ext"/>
    <property name="sun.boot.class.path" value="/usr/lib/jvm/java-6-openjdk/jre/lib/resources.jar:/usr/lib/jvm/java-6-openjdk/jre/lib/rt.jar:/usr/lib/jvm/java-6-openjdk/jre/lib/sunrsasign.jar:/usr/lib/jvm/java-6-openjdk/jre/lib/jsse.jar:/usr/lib/jvm/java-6-openjdk/jre/lib/jce.jar:/usr/lib/jvm/java-6-openjdk/jre/lib/charsets.jar:/usr/lib/jvm/java-6-openjdk/jre/lib/netx.jar:/usr/lib/jvm/java-6-openjdk/jre/lib/plugin.jar:/usr/lib/jvm/java-6-openjdk/jre/lib/rhino.jar:/usr/lib/jvm/java-6-openjdk/jre/lib/modules/jdk.boot.jar:/usr/lib/jvm/java-6-openjdk/jre/classes"/>
    <property name="java.vendor" value="Sun Microsystems Inc."/>
    <property name="localRepository" value="/home/xfolk/.m2/repository"/>
    <property name="file.separator" value="/"/>
    <property name="java.vendor.url.bug" value="http://java.sun.com/cgi-bin/bugreport.cgi"/>
    <property name="sun.cpu.endian" value="little"/>
    <property name="sun.io.unicode.encoding" value="UnicodeLittle"/>
    <property name="sun.cpu.isalist" value=""/>
  </properties>
  <testcase time="1.597" classname="local.asch.outglook.Contact2k3XlsViewTest" name="testFileExist"/>
  <testcase time="0.337" classname="local.asch.outglook.Contact2k3XlsViewTest" name="testSetView"/>
  <testcase time="0.067" classname="local.asch.outglook.Contact2k3XlsViewTest" name="testGetView"/>
</testsuite>